<html xmlns:math="http://exslt.org/math" xmlns:testng="http://testng.org">
   <head>
      <title>TestNG Results</title>
      <meta http-equiv="content-type" content="text/html; charset=utf-8"></meta>
      <meta http-equiv="pragma" content="no-cache"></meta>
      <meta http-equiv="cache-control" content="max-age=0"></meta>
      <meta http-equiv="cache-control" content="no-cache"></meta>
      <meta http-equiv="cache-control" content="no-store"></meta>
      <LINK rel="stylesheet" href="style.css"></LINK>
      <script type="text/javascript" src="main.js"></script>
   </head>
   <body>
      <table width="100%" style="font-size: 16px; margin-bottom: 10px;" cellspacing="1">
         <tr>
            <td width="100%">
               All methods in suite
               
               <b>Suite</b>
            </td>
            <td style="background-color: #FFBBBB; padding: 3px 3px 3px 0;" align="center">
               <div style="width: 50px;">1</div>
            </td>
            <td style="background-color: lightgreen; padding: 3px 3px 3px 0;" align="center">
               <div style="width: 50px;">1</div>
            </td>
            <td style="background-color: #FFFFBB; padding: 3px 3px 3px 0;" align="center">
               <div style="width: 50px;">0</div>
            </td>
            <td align="center" style="background-color: #eaf0f7; padding: 3px 3px 3px 0;">
               <div style="width: 50px;">2</div>
            </td>
            <td align="center"
                style="font-weight: bold; background-color: #eaf0f7; padding: 3px 3px 3px 0;">
               <div style="width: 50px;">50%</div>
            </td>
            <td style="background-color: #eaf0f7; padding: 3px 3px 3px 0;" align="center"
                nowrap="true">56s
               
            </td>
         </tr>
      </table>
      <div style="width: 200px;">
         <label for="groupMethodsCheckBox" style="font-weight: bold; margin: 0;">
            <input id="groupMethodsCheckBox" type="checkbox" onclick="switchTestMethodsView(this)"></input>
            Group by class
            
         </label>
         <br></br>
         <label for="methodsFilter_ALL" style="font-weight: bold; margin: 0;">
            <input id="methodsFilter_ALL" type="checkbox"
                   onclick="testMethodsFilterChanged(this, 'ALL')"></input>
            All
            
         </label>
      </div>
      <label for="methodsFilter_FAIL" style="margin-left: 20px;">
         <input id="methodsFilter_FAIL" type="checkbox"
                onclick="testMethodsFilterChanged(this, 'FAIL')"
                checked=""></input>
         Failed
         
      </label>
      <label for="methodsFilter_PASS">
         <input id="methodsFilter_PASS" type="checkbox"
                onclick="testMethodsFilterChanged(this, 'PASS')"
                checked=""></input>
         Passed
         
      </label>
      <label for="methodsFilter_SKIP">
         <input id="methodsFilter_SKIP" type="checkbox"
                onclick="testMethodsFilterChanged(this, 'SKIP')"
                checked=""></input>
         Skipped
         
      </label>
      <label for="methodsFilter_CONF">
         <input id="methodsFilter_CONF" type="checkbox"
                onclick="testMethodsFilterChanged(this, 'CONF')"></input>
         Config
         
      </label>
      <br></br>
      <div id="testMethodsByStatus">
         <table class="testMethodsTable" cellpadding="0" cellspacing="0">
            <tr class="methodsTableHeader">
               <td width="100%">Name</td>
               <td nowrap="true">Started</td>
               <td nowrap="true">Duration</td>
               <td>Exception</td>
            </tr>
            <tr id="tests.SignUpTest_signUpLS_byStatus_failed_FAIL1_row"
                class="testMethodStatusFAIL">
               <td width="100%" class="firstMethodCell">
                  <a onclick="toggleDetailsVisibility('tests.SignUpTest_signUpLS_byStatus_failed_FAIL1_details')">signUpLS()</a>
               </td>
               <td nowrap="true">18:06:01</td>
               <td nowrap="true" align="right">10s
                  
               </td>
               <td nowrap="true">
                  <a onclick="toggleDetailsVisibility('tests.SignUpTest_signUpLS_byStatus_failed_FAIL1_exception')">java.lang.AssertionError: 
                     expected [My Account - My Store] but found [My account - My Store]
                     
                  </a>
                   
                  
               </td>
            </tr>
            <tr>
               <td colspan="4" class="detailsBox">
                  <div id="tests.SignUpTest_signUpLS_byStatus_failed_FAIL1_details"
                       class="testMethodDetails">
                     <div>
                        <b>Name: </b>signUpLS
                     </div>
                     <div>
                        <b>Signature: </b>signUpLS()[pri:0, instance:tests.SignUpTest@2c6a3f77]
                     </div>
                     <div>
                        <b>Start time: </b>18:06:01
                     </div>
                     <div>
                        <b>End time: </b>18:06:10
                     </div>
                     <div>
                        <b>Duration: </b>10s
                        
                     </div>
                  </div>
               </td>
            </tr>
            <tr>
               <td colspan="4" class="detailsBox">
                  <div id="tests.SignUpTest_signUpLS_byStatus_failed_FAIL1_exception"
                       class="testMethodDetails">
                     <pre style="padding: 5px; margin: 0;">java.lang.AssertionError: expected [My Account - My Store] but found [My account - My Store]
                        	at org.testng.Assert.fail(Assert.java:94)
                        	at org.testng.Assert.failNotEquals(Assert.java:496)
                        	at org.testng.Assert.assertEquals(Assert.java:125)
                        	at org.testng.Assert.assertEquals(Assert.java:178)
                        	at org.testng.Assert.assertEquals(Assert.java:188)
                        	at tests.SignUpTest.signUpLS(SignUpTest.java:47)
                        	at sun.reflect.NativeMethodAccessorImpl.invoke0(Native Method)
                        	at sun.reflect.NativeMethodAccessorImpl.invoke(Unknown Source)
                        	at sun.reflect.DelegatingMethodAccessorImpl.invoke(Unknown Source)
                        	at java.lang.reflect.Method.invoke(Unknown Source)
                        	at org.testng.internal.MethodInvocationHelper.invokeMethod(MethodInvocationHelper.java:85)
                        	at org.testng.internal.Invoker.invokeMethod(Invoker.java:639)
                        	at org.testng.internal.Invoker.invokeTestMethod(Invoker.java:816)
                        	at org.testng.internal.Invoker.invokeTestMethods(Invoker.java:1124)
                        	at org.testng.internal.TestMethodWorker.invokeTestMethods(TestMethodWorker.java:125)
                        	at org.testng.internal.TestMethodWorker.run(TestMethodWorker.java:108)
                        	at org.testng.TestRunner.privateRun(TestRunner.java:774)
                        	at org.testng.TestRunner.run(TestRunner.java:624)
                        	at org.testng.SuiteRunner.runTest(SuiteRunner.java:359)
                        	at org.testng.SuiteRunner.runSequentially(SuiteRunner.java:354)
                        	at org.testng.SuiteRunner.privateRun(SuiteRunner.java:312)
                        	at org.testng.SuiteRunner.run(SuiteRunner.java:261)
                        	at org.testng.SuiteRunnerWorker.runSuite(SuiteRunnerWorker.java:52)
                        	at org.testng.SuiteRunnerWorker.run(SuiteRunnerWorker.java:86)
                        	at org.testng.TestNG.runSuitesSequentially(TestNG.java:1215)
                        	at org.testng.TestNG.runSuitesLocally(TestNG.java:1140)
                        	at org.testng.TestNG.run(TestNG.java:1048)
                        	at org.testng.TestNG.privateMain(TestNG.java:1355)
                        	at org.testng.TestNG.main(TestNG.java:1324)
                     </pre>
                  </div>
               </td>
            </tr>
            <tr id="tests.SignUpTest_setUp_byStatus_passed_PASS1_row"
                class="testMethodStatusPASS testMethodStatusCONF">
               <td width="100%" class="firstMethodCell">
                  <a onclick="toggleDetailsVisibility('tests.SignUpTest_setUp_byStatus_passed_PASS1_details')">setUp(ch)</a>
               </td>
               <td nowrap="true">18:05:49</td>
               <td nowrap="true" align="right">11s
                  
               </td>
               <td nowrap="true">
                   
                  
               </td>
            </tr>
            <tr>
               <td colspan="4" class="detailsBox">
                  <div id="tests.SignUpTest_setUp_byStatus_passed_PASS1_details"
                       class="testMethodDetails">
                     <div>
                        <b>Name: </b>setUp
                     </div>
                     <div>
                        <b>Signature: </b>setUp(java.lang.String)[pri:0, instance:tests.SignUpTest@2c6a3f77]
                     </div>
                     <div>
                        <b>Parameters: </b>
                        
                        ch
                        
                        
                     </div>
                     <div>
                        <b>Start time: </b>18:05:49
                     </div>
                     <div>
                        <b>End time: </b>18:06:01
                     </div>
                     <div>
                        <b>Duration: </b>11s
                        
                     </div>
                  </div>
               </td>
            </tr>
            <tr></tr>
            <tr id="tests.SignUpTest_closeConnection_byStatus_passed_PASS2_row"
                class="testMethodStatusPASS testMethodStatusCONF">
               <td width="100%" class="firstMethodCell">
                  <a onclick="toggleDetailsVisibility('tests.SignUpTest_closeConnection_byStatus_passed_PASS2_details')">closeConnection()</a>
               </td>
               <td nowrap="true">18:06:10</td>
               <td nowrap="true" align="right">2s
                  
               </td>
               <td nowrap="true">
                   
                  
               </td>
            </tr>
            <tr>
               <td colspan="4" class="detailsBox">
                  <div id="tests.SignUpTest_closeConnection_byStatus_passed_PASS2_details"
                       class="testMethodDetails">
                     <div>
                        <b>Name: </b>closeConnection
                     </div>
                     <div>
                        <b>Signature: </b>closeConnection()[pri:0, instance:tests.SignUpTest@2c6a3f77]
                     </div>
                     <div>
                        <b>Start time: </b>18:06:10
                     </div>
                     <div>
                        <b>End time: </b>18:06:12
                     </div>
                     <div>
                        <b>Duration: </b>2s
                        
                     </div>
                  </div>
               </td>
            </tr>
            <tr></tr>
            <tr id="tests.BuyDressTest_setUp_byStatus_passed_PASS3_row"
                class="testMethodStatusPASS testMethodStatusCONF">
               <td width="100%" class="firstMethodCell">
                  <a onclick="toggleDetailsVisibility('tests.BuyDressTest_setUp_byStatus_passed_PASS3_details')">setUp(ch)</a>
               </td>
               <td nowrap="true">18:06:12</td>
               <td nowrap="true" align="right">10s
                  
               </td>
               <td nowrap="true">
                   
                  
               </td>
            </tr>
            <tr>
               <td colspan="4" class="detailsBox">
                  <div id="tests.BuyDressTest_setUp_byStatus_passed_PASS3_details"
                       class="testMethodDetails">
                     <div>
                        <b>Name: </b>setUp
                     </div>
                     <div>
                        <b>Signature: </b>setUp(java.lang.String)[pri:0, instance:tests.BuyDressTest@246ae04d]
                     </div>
                     <div>
                        <b>Parameters: </b>
                        
                        ch
                        
                        
                     </div>
                     <div>
                        <b>Start time: </b>18:06:12
                     </div>
                     <div>
                        <b>End time: </b>18:06:22
                     </div>
                     <div>
                        <b>Duration: </b>10s
                        
                     </div>
                  </div>
               </td>
            </tr>
            <tr></tr>
            <tr id="tests.BuyDressTest_buyDress_byStatus_passed_PASS4_row"
                class="testMethodStatusPASS">
               <td width="100%" class="firstMethodCell">
                  <a onclick="toggleDetailsVisibility('tests.BuyDressTest_buyDress_byStatus_passed_PASS4_details')">buyDress()</a>
               </td>
               <td nowrap="true">18:06:22</td>
               <td nowrap="true" align="right">20s
                  
               </td>
               <td nowrap="true">
                   
                  
               </td>
            </tr>
            <tr>
               <td colspan="4" class="detailsBox">
                  <div id="tests.BuyDressTest_buyDress_byStatus_passed_PASS4_details"
                       class="testMethodDetails">
                     <div>
                        <b>Name: </b>buyDress
                     </div>
                     <div>
                        <b>Signature: </b>buyDress()[pri:0, instance:tests.BuyDressTest@246ae04d]
                     </div>
                     <div>
                        <b>Start time: </b>18:06:22
                     </div>
                     <div>
                        <b>End time: </b>18:06:42
                     </div>
                     <div>
                        <b>Duration: </b>20s
                        
                     </div>
                  </div>
               </td>
            </tr>
            <tr></tr>
            <tr id="tests.BuyDressTest_closeConnection_byStatus_passed_PASS5_row"
                class="testMethodStatusPASS testMethodStatusCONF">
               <td width="100%" class="firstMethodCell">
                  <a onclick="toggleDetailsVisibility('tests.BuyDressTest_closeConnection_byStatus_passed_PASS5_details')">closeConnection()</a>
               </td>
               <td nowrap="true">18:06:42</td>
               <td nowrap="true" align="right">3s
                  
               </td>
               <td nowrap="true">
                   
                  
               </td>
            </tr>
            <tr>
               <td colspan="4" class="detailsBox">
                  <div id="tests.BuyDressTest_closeConnection_byStatus_passed_PASS5_details"
                       class="testMethodDetails">
                     <div>
                        <b>Name: </b>closeConnection
                     </div>
                     <div>
                        <b>Signature: </b>closeConnection()[pri:0, instance:tests.BuyDressTest@246ae04d]
                     </div>
                     <div>
                        <b>Start time: </b>18:06:42
                     </div>
                     <div>
                        <b>End time: </b>18:06:45
                     </div>
                     <div>
                        <b>Duration: </b>3s
                        
                     </div>
                  </div>
               </td>
            </tr>
            <tr></tr>
         </table>
      </div>
      <div id="testMethodsByClass" style="display: none;">
         <table class="testMethodsTable" cellpadding="0" cellspacing="0">
            <tr>
               <td colspan="4">
                  <h3 style="display: inline;">tests.BuyDressTest</h3>
               </td>
            </tr>
            <tr class="methodsTableHeader">
               <td width="100%">Name</td>
               <td nowrap="true">Started</td>
               <td nowrap="true">Duration</td>
               <td>Exception</td>
            </tr>
            <tr id="tests.BuyDressTest_setUp_byClass_PASS1_row"
                class="testMethodStatusPASS testMethodStatusCONF">
               <td width="100%" class="firstMethodCell">
                  <a onclick="toggleDetailsVisibility('tests.BuyDressTest_setUp_byClass_PASS1_details')">setUp(ch)</a>
               </td>
               <td nowrap="true">18:06:12</td>
               <td nowrap="true" align="right">10s
                  
               </td>
               <td nowrap="true">
                   
                  
               </td>
            </tr>
            <tr>
               <td colspan="4" class="detailsBox">
                  <div id="tests.BuyDressTest_setUp_byClass_PASS1_details" class="testMethodDetails">
                     <div>
                        <b>Name: </b>setUp
                     </div>
                     <div>
                        <b>Signature: </b>setUp(java.lang.String)[pri:0, instance:tests.BuyDressTest@246ae04d]
                     </div>
                     <div>
                        <b>Parameters: </b>
                        
                        ch
                        
                        
                     </div>
                     <div>
                        <b>Start time: </b>18:06:12
                     </div>
                     <div>
                        <b>End time: </b>18:06:22
                     </div>
                     <div>
                        <b>Duration: </b>10s
                        
                     </div>
                  </div>
               </td>
            </tr>
            <tr></tr>
            <tr id="tests.BuyDressTest_buyDress_byClass_PASS2_row" class="testMethodStatusPASS">
               <td width="100%" class="firstMethodCell">
                  <a onclick="toggleDetailsVisibility('tests.BuyDressTest_buyDress_byClass_PASS2_details')">buyDress()</a>
               </td>
               <td nowrap="true">18:06:22</td>
               <td nowrap="true" align="right">20s
                  
               </td>
               <td nowrap="true">
                   
                  
               </td>
            </tr>
            <tr>
               <td colspan="4" class="detailsBox">
                  <div id="tests.BuyDressTest_buyDress_byClass_PASS2_details"
                       class="testMethodDetails">
                     <div>
                        <b>Name: </b>buyDress
                     </div>
                     <div>
                        <b>Signature: </b>buyDress()[pri:0, instance:tests.BuyDressTest@246ae04d]
                     </div>
                     <div>
                        <b>Start time: </b>18:06:22
                     </div>
                     <div>
                        <b>End time: </b>18:06:42
                     </div>
                     <div>
                        <b>Duration: </b>20s
                        
                     </div>
                  </div>
               </td>
            </tr>
            <tr></tr>
            <tr id="tests.BuyDressTest_closeConnection_byClass_PASS3_row"
                class="testMethodStatusPASS testMethodStatusCONF">
               <td width="100%" class="firstMethodCell">
                  <a onclick="toggleDetailsVisibility('tests.BuyDressTest_closeConnection_byClass_PASS3_details')">closeConnection()</a>
               </td>
               <td nowrap="true">18:06:42</td>
               <td nowrap="true" align="right">3s
                  
               </td>
               <td nowrap="true">
                   
                  
               </td>
            </tr>
            <tr>
               <td colspan="4" class="detailsBox">
                  <div id="tests.BuyDressTest_closeConnection_byClass_PASS3_details"
                       class="testMethodDetails">
                     <div>
                        <b>Name: </b>closeConnection
                     </div>
                     <div>
                        <b>Signature: </b>closeConnection()[pri:0, instance:tests.BuyDressTest@246ae04d]
                     </div>
                     <div>
                        <b>Start time: </b>18:06:42
                     </div>
                     <div>
                        <b>End time: </b>18:06:45
                     </div>
                     <div>
                        <b>Duration: </b>3s
                        
                     </div>
                  </div>
               </td>
            </tr>
            <tr></tr>
         </table>
         <br></br>
         <table class="testMethodsTable" cellpadding="0" cellspacing="0">
            <tr>
               <td colspan="4">
                  <h3 style="display: inline;">tests.SignUpTest</h3>
               </td>
            </tr>
            <tr class="methodsTableHeader">
               <td width="100%">Name</td>
               <td nowrap="true">Started</td>
               <td nowrap="true">Duration</td>
               <td>Exception</td>
            </tr>
            <tr id="tests.SignUpTest_setUp_byClass_PASS1_row"
                class="testMethodStatusPASS testMethodStatusCONF">
               <td width="100%" class="firstMethodCell">
                  <a onclick="toggleDetailsVisibility('tests.SignUpTest_setUp_byClass_PASS1_details')">setUp(ch)</a>
               </td>
               <td nowrap="true">18:05:49</td>
               <td nowrap="true" align="right">11s
                  
               </td>
               <td nowrap="true">
                   
                  
               </td>
            </tr>
            <tr>
               <td colspan="4" class="detailsBox">
                  <div id="tests.SignUpTest_setUp_byClass_PASS1_details" class="testMethodDetails">
                     <div>
                        <b>Name: </b>setUp
                     </div>
                     <div>
                        <b>Signature: </b>setUp(java.lang.String)[pri:0, instance:tests.SignUpTest@2c6a3f77]
                     </div>
                     <div>
                        <b>Parameters: </b>
                        
                        ch
                        
                        
                     </div>
                     <div>
                        <b>Start time: </b>18:05:49
                     </div>
                     <div>
                        <b>End time: </b>18:06:01
                     </div>
                     <div>
                        <b>Duration: </b>11s
                        
                     </div>
                  </div>
               </td>
            </tr>
            <tr></tr>
            <tr id="tests.SignUpTest_signUpLS_byClass_FAIL2_row" class="testMethodStatusFAIL">
               <td width="100%" class="firstMethodCell">
                  <a onclick="toggleDetailsVisibility('tests.SignUpTest_signUpLS_byClass_FAIL2_details')">signUpLS()</a>
               </td>
               <td nowrap="true">18:06:01</td>
               <td nowrap="true" align="right">10s
                  
               </td>
               <td nowrap="true">
                  <a onclick="toggleDetailsVisibility('tests.SignUpTest_signUpLS_byClass_FAIL2_exception')">java.lang.AssertionError: 
                     expected [My Account - My Store] but found [My account - My Store]
                     
                  </a>
                   
                  
               </td>
            </tr>
            <tr>
               <td colspan="4" class="detailsBox">
                  <div id="tests.SignUpTest_signUpLS_byClass_FAIL2_details" class="testMethodDetails">
                     <div>
                        <b>Name: </b>signUpLS
                     </div>
                     <div>
                        <b>Signature: </b>signUpLS()[pri:0, instance:tests.SignUpTest@2c6a3f77]
                     </div>
                     <div>
                        <b>Start time: </b>18:06:01
                     </div>
                     <div>
                        <b>End time: </b>18:06:10
                     </div>
                     <div>
                        <b>Duration: </b>10s
                        
                     </div>
                  </div>
               </td>
            </tr>
            <tr>
               <td colspan="4" class="detailsBox">
                  <div id="tests.SignUpTest_signUpLS_byClass_FAIL2_exception"
                       class="testMethodDetails">
                     <pre style="padding: 5px; margin: 0;">java.lang.AssertionError: expected [My Account - My Store] but found [My account - My Store]
                        	at org.testng.Assert.fail(Assert.java:94)
                        	at org.testng.Assert.failNotEquals(Assert.java:496)
                        	at org.testng.Assert.assertEquals(Assert.java:125)
                        	at org.testng.Assert.assertEquals(Assert.java:178)
                        	at org.testng.Assert.assertEquals(Assert.java:188)
                        	at tests.SignUpTest.signUpLS(SignUpTest.java:47)
                        	at sun.reflect.NativeMethodAccessorImpl.invoke0(Native Method)
                        	at sun.reflect.NativeMethodAccessorImpl.invoke(Unknown Source)
                        	at sun.reflect.DelegatingMethodAccessorImpl.invoke(Unknown Source)
                        	at java.lang.reflect.Method.invoke(Unknown Source)
                        	at org.testng.internal.MethodInvocationHelper.invokeMethod(MethodInvocationHelper.java:85)
                        	at org.testng.internal.Invoker.invokeMethod(Invoker.java:639)
                        	at org.testng.internal.Invoker.invokeTestMethod(Invoker.java:816)
                        	at org.testng.internal.Invoker.invokeTestMethods(Invoker.java:1124)
                        	at org.testng.internal.TestMethodWorker.invokeTestMethods(TestMethodWorker.java:125)
                        	at org.testng.internal.TestMethodWorker.run(TestMethodWorker.java:108)
                        	at org.testng.TestRunner.privateRun(TestRunner.java:774)
                        	at org.testng.TestRunner.run(TestRunner.java:624)
                        	at org.testng.SuiteRunner.runTest(SuiteRunner.java:359)
                        	at org.testng.SuiteRunner.runSequentially(SuiteRunner.java:354)
                        	at org.testng.SuiteRunner.privateRun(SuiteRunner.java:312)
                        	at org.testng.SuiteRunner.run(SuiteRunner.java:261)
                        	at org.testng.SuiteRunnerWorker.runSuite(SuiteRunnerWorker.java:52)
                        	at org.testng.SuiteRunnerWorker.run(SuiteRunnerWorker.java:86)
                        	at org.testng.TestNG.runSuitesSequentially(TestNG.java:1215)
                        	at org.testng.TestNG.runSuitesLocally(TestNG.java:1140)
                        	at org.testng.TestNG.run(TestNG.java:1048)
                        	at org.testng.TestNG.privateMain(TestNG.java:1355)
                        	at org.testng.TestNG.main(TestNG.java:1324)
                     </pre>
                  </div>
               </td>
            </tr>
            <tr id="tests.SignUpTest_closeConnection_byClass_PASS3_row"
                class="testMethodStatusPASS testMethodStatusCONF">
               <td width="100%" class="firstMethodCell">
                  <a onclick="toggleDetailsVisibility('tests.SignUpTest_closeConnection_byClass_PASS3_details')">closeConnection()</a>
               </td>
               <td nowrap="true">18:06:10</td>
               <td nowrap="true" align="right">2s
                  
               </td>
               <td nowrap="true">
                   
                  
               </td>
            </tr>
            <tr>
               <td colspan="4" class="detailsBox">
                  <div id="tests.SignUpTest_closeConnection_byClass_PASS3_details"
                       class="testMethodDetails">
                     <div>
                        <b>Name: </b>closeConnection
                     </div>
                     <div>
                        <b>Signature: </b>closeConnection()[pri:0, instance:tests.SignUpTest@2c6a3f77]
                     </div>
                     <div>
                        <b>Start time: </b>18:06:10
                     </div>
                     <div>
                        <b>End time: </b>18:06:12
                     </div>
                     <div>
                        <b>Duration: </b>2s
                        
                     </div>
                  </div>
               </td>
            </tr>
            <tr></tr>
         </table>
         <br></br>
      </div>
      <div style="margin-top: 15px; color: gray; text-align: center; font-size: 9px;">
         Generated with
         
         <a href="http://code.google.com/p/testng-xslt/" style="color: #8888aa;"
            target="_blank">
            TestNG XSLT
            
         </a>
      </div>
   </body>
</html>